<?xml version="1.0" encoding="UTF-8"?>
<!-- Generated by org.testng.reporters.JUnitXMLReporter -->
<testsuite ignored="0" hostname="LQA-QUNOOTAHMED" failures="0" tests="4" name="Tutorials Ninja Demo Test Cases" time="17.612" errors="0" timestamp="2023-05-21T02:07:33 PKT">
  <testcase classname="com.demo.testcases.LoginPageTest" name="validateLoginTitle" time="0.049"/>
  <testcase classname="com.demo.testcases.LoginPageTest" name="validateLogin" time="0.929"/>
  <testcase classname="com.demo.testcases.SignupPageTest" name="validateSignupTitle" time="0.015"/>
  <testcase classname="com.demo.testcases.SignupPageTest" name="registerForNewAccount" time="1.542"/>
</testsuite> <!-- Tutorials Ninja Demo Test Cases -->
