<?xml version="1.0" encoding="UTF-8"?>
<testng-results ignored="0" total="4" passed="4" failed="0" skipped="0">
  <reporter-output>
  </reporter-output>
  <suite started-at="2023-05-21T02:07:15 PKT" name="Tutorials Ninja Demo Website" finished-at="2023-05-21T02:07:33 PKT" duration-ms="17612">
    <groups>
    </groups>
    <test started-at="2023-05-21T02:07:15 PKT" name="Tutorials Ninja Demo Test Cases" finished-at="2023-05-21T02:07:33 PKT" duration-ms="17612">
      <class name="com.demo.testcases.SignupPageTest">
        <test-method is-config="true" signature="Setup()[pri:0, instance:com.demo.testcases.SignupPageTest@6ad59d92]" started-at="2023-05-21T02:07:24 PKT" name="Setup" finished-at="2023-05-21T02:07:27 PKT" duration-ms="2833" status="PASS">
          <reporter-output>
          </reporter-output>
        </test-method> <!-- Setup -->
        <test-method signature="validateSignupTitle()[pri:1, instance:com.demo.testcases.SignupPageTest@6ad59d92]" started-at="2023-05-21T02:07:27 PKT" name="validateSignupTitle" finished-at="2023-05-21T02:07:27 PKT" duration-ms="15" status="PASS">
          <reporter-output>
          </reporter-output>
        </test-method> <!-- validateSignupTitle -->
        <test-method is-config="true" signature="tearDown()[pri:0, instance:com.demo.testcases.SignupPageTest@6ad59d92]" started-at="2023-05-21T02:07:27 PKT" name="tearDown" finished-at="2023-05-21T02:07:27 PKT" duration-ms="188" status="PASS">
          <reporter-output>
          </reporter-output>
        </test-method> <!-- tearDown -->
        <test-method is-config="true" signature="Setup()[pri:0, instance:com.demo.testcases.SignupPageTest@6ad59d92]" started-at="2023-05-21T02:07:27 PKT" name="Setup" finished-at="2023-05-21T02:07:31 PKT" duration-ms="3383" status="PASS">
          <reporter-output>
          </reporter-output>
        </test-method> <!-- Setup -->
        <test-method signature="registerForNewAccount()[pri:2, instance:com.demo.testcases.SignupPageTest@6ad59d92]" started-at="2023-05-21T02:07:31 PKT" name="registerForNewAccount" finished-at="2023-05-21T02:07:32 PKT" duration-ms="1542" status="PASS">
          <reporter-output>
          </reporter-output>
        </test-method> <!-- registerForNewAccount -->
        <test-method is-config="true" signature="tearDown()[pri:0, instance:com.demo.testcases.SignupPageTest@6ad59d92]" started-at="2023-05-21T02:07:32 PKT" name="tearDown" finished-at="2023-05-21T02:07:33 PKT" duration-ms="215" status="PASS">
          <reporter-output>
          </reporter-output>
        </test-method> <!-- tearDown -->
      </class> <!-- com.demo.testcases.SignupPageTest -->
      <class name="com.demo.testcases.LoginPageTest">
        <test-method is-config="true" signature="Setup()[pri:0, instance:com.demo.testcases.LoginPageTest@35f26e72]" started-at="2023-05-21T02:07:15 PKT" name="Setup" finished-at="2023-05-21T02:07:20 PKT" duration-ms="5189" status="PASS">
          <reporter-output>
          </reporter-output>
        </test-method> <!-- Setup -->
        <test-method signature="validateLoginTitle()[pri:1, instance:com.demo.testcases.LoginPageTest@35f26e72]" started-at="2023-05-21T02:07:20 PKT" name="validateLoginTitle" finished-at="2023-05-21T02:07:20 PKT" duration-ms="49" status="PASS">
          <reporter-output>
          </reporter-output>
        </test-method> <!-- validateLoginTitle -->
        <test-method is-config="true" signature="tearDown()[pri:0, instance:com.demo.testcases.LoginPageTest@35f26e72]" started-at="2023-05-21T02:07:20 PKT" name="tearDown" finished-at="2023-05-21T02:07:20 PKT" duration-ms="235" status="PASS">
          <reporter-output>
          </reporter-output>
        </test-method> <!-- tearDown -->
        <test-method is-config="true" signature="Setup()[pri:0, instance:com.demo.testcases.LoginPageTest@35f26e72]" started-at="2023-05-21T02:07:21 PKT" name="Setup" finished-at="2023-05-21T02:07:23 PKT" duration-ms="2674" status="PASS">
          <reporter-output>
          </reporter-output>
        </test-method> <!-- Setup -->
        <test-method signature="validateLogin()[pri:2, instance:com.demo.testcases.LoginPageTest@35f26e72]" started-at="2023-05-21T02:07:23 PKT" name="validateLogin" finished-at="2023-05-21T02:07:24 PKT" duration-ms="929" status="PASS">
          <reporter-output>
          </reporter-output>
        </test-method> <!-- validateLogin -->
        <test-method is-config="true" signature="tearDown()[pri:0, instance:com.demo.testcases.LoginPageTest@35f26e72]" started-at="2023-05-21T02:07:24 PKT" name="tearDown" finished-at="2023-05-21T02:07:24 PKT" duration-ms="181" status="PASS">
          <reporter-output>
          </reporter-output>
        </test-method> <!-- tearDown -->
      </class> <!-- com.demo.testcases.LoginPageTest -->
    </test> <!-- Tutorials Ninja Demo Test Cases -->
  </suite> <!-- Tutorials Ninja Demo Website -->
</testng-results>
